Mensaje I / 00:00:00:000 / Root(00) para top(01)
Mensaje I / 00:00:00:000 / top(01) para hero(02)
Mensaje I / 00:00:00:000 / top(01) para enemyhero(05)
Mensaje I / 00:00:00:000 / top(01) para creep(08)
Mensaje I / 00:00:00:000 / top(01) para enemycreep(10)
Mensaje I / 00:00:00:000 / hero(02) para hdecision(03)
Mensaje I / 00:00:00:000 / hero(02) para hattack(04)
Mensaje I / 00:00:00:000 / enemyhero(05) para ehdecision(06)
Mensaje I / 00:00:00:000 / enemyhero(05) para ehattack(07)
Mensaje I / 00:00:00:000 / creep(08) para creep1(09)
Mensaje I / 00:00:00:000 / enemycreep(10) para creep2(11)
Mensaje D / 00:00:00:000 / hdecision(03) / ... para hero(02)
Mensaje D / 00:00:00:000 / hattack(04) / ... para hero(02)
Mensaje D / 00:00:00:000 / ehdecision(06) / ... para enemyhero(05)
Mensaje D / 00:00:00:000 / ehattack(07) / ... para enemyhero(05)
Mensaje D / 00:00:00:000 / creep1(09) / ... para creep(08)
Mensaje D / 00:00:00:000 / creep2(11) / ... para enemycreep(10)
Mensaje D / 00:00:00:000 / hero(02) / ... para top(01)
Mensaje D / 00:00:00:000 / enemyhero(05) / ... para top(01)
Mensaje D / 00:00:00:000 / creep(08) / ... para top(01)
Mensaje D / 00:00:00:000 / enemycreep(10) / ... para top(01)
Mensaje D / 00:00:00:000 / top(01) / ... para Root(00)
Mensaje X / 00:00:01:000 / Root(00) / in / 3000100.00000 para top(01)
Mensaje X / 00:00:01:000 / top(01) / creepin / 3000100.00000 para hero(02)
Mensaje X / 00:00:01:000 / hero(02) / creepin / 3000100.00000 para hdecision(03)
Mensaje D / 00:00:01:000 / hdecision(03) / 00:00:00:000 para hero(02)
Mensaje D / 00:00:01:000 / hero(02) / 00:00:00:000 para top(01)
Mensaje D / 00:00:01:000 / top(01) / 00:00:00:000 para Root(00)
Mensaje * / 00:00:01:000 / Root(00) para top(01)
Mensaje * / 00:00:01:000 / top(01) para hero(02)
Mensaje * / 00:00:01:000 / hero(02) para hdecision(03)
Mensaje Y / 00:00:01:000 / hdecision(03) / attackout / 4000050.00000 para hero(02)
Mensaje D / 00:00:01:000 / hdecision(03) / ... para hero(02)
Mensaje X / 00:00:01:000 / hero(02) / in / 4000050.00000 para hattack(04)
Mensaje D / 00:00:01:000 / hattack(04) / 00:00:01:500 para hero(02)
Mensaje D / 00:00:01:000 / hero(02) / 00:00:01:500 para top(01)
Mensaje D / 00:00:01:000 / top(01) / 00:00:01:500 para Root(00)
Mensaje * / 00:00:02:500 / Root(00) para top(01)
Mensaje * / 00:00:02:500 / top(01) para hero(02)
Mensaje * / 00:00:02:500 / hero(02) para hattack(04)
Mensaje Y / 00:00:02:500 / hattack(04) / creepout / 4000000.00000 para hero(02)
Mensaje Y / 00:00:02:500 / hattack(04) / heroout / 4000000.00000 para hero(02)
Mensaje D / 00:00:02:500 / hattack(04) / ... para hero(02)
Mensaje Y / 00:00:02:500 / hero(02) / creepout / 4000000.00000 para top(01)
Mensaje Y / 00:00:02:500 / hero(02) / heroout / 4000000.00000 para top(01)
Mensaje D / 00:00:02:500 / hero(02) / ... para top(01)
Mensaje X / 00:00:02:500 / top(01) / heroin / 4000000.00000 para enemycreep(10)
Mensaje X / 00:00:02:500 / top(01) / heroin / 4000000.00000 para enemyhero(05)
Mensaje X / 00:00:02:500 / enemycreep(10) / heroin / 4000000.00000 para creep2(11)
Mensaje X / 00:00:02:500 / enemyhero(05) / heroin / 4000000.00000 para ehdecision(06)
Mensaje D / 00:00:02:500 / creep2(11) / 00:00:01:500 para enemycreep(10)
Mensaje D / 00:00:02:500 / ehdecision(06) / 00:00:00:000 para enemyhero(05)
Mensaje D / 00:00:02:500 / enemycreep(10) / 00:00:01:500 para top(01)
Mensaje D / 00:00:02:500 / enemyhero(05) / 00:00:00:000 para top(01)
Mensaje D / 00:00:02:500 / top(01) / 00:00:00:000 para Root(00)
Mensaje * / 00:00:02:500 / Root(00) para top(01)
Mensaje * / 00:00:02:500 / top(01) para enemyhero(05)
Mensaje * / 00:00:02:500 / enemyhero(05) para ehdecision(06)
Mensaje Y / 00:00:02:500 / ehdecision(06) / attackout / 3000050.00000 para enemyhero(05)
Mensaje D / 00:00:02:500 / ehdecision(06) / ... para enemyhero(05)
Mensaje X / 00:00:02:500 / enemyhero(05) / in / 3000050.00000 para ehattack(07)
Mensaje D / 00:00:02:500 / ehattack(07) / 00:00:01:500 para enemyhero(05)
Mensaje D / 00:00:02:500 / enemyhero(05) / 00:00:01:500 para top(01)
Mensaje D / 00:00:02:500 / top(01) / 00:00:01:500 para Root(00)
Mensaje * / 00:00:04:000 / Root(00) para top(01)
Mensaje * / 00:00:04:000 / top(01) para enemyhero(05)
Mensaje * / 00:00:04:000 / enemyhero(05) para ehattack(07)
Mensaje Y / 00:00:04:000 / ehattack(07) / creepout / 1000050.00000 para enemyhero(05)
Mensaje Y / 00:00:04:000 / ehattack(07) / heroout / 4000000.00000 para enemyhero(05)
Mensaje D / 00:00:04:000 / ehattack(07) / ... para enemyhero(05)
Mensaje Y / 00:00:04:000 / enemyhero(05) / creepout / 1000050.00000 para top(01)
Mensaje Y / 00:00:04:000 / enemyhero(05) / heroout / 4000000.00000 para top(01)
Mensaje D / 00:00:04:000 / enemyhero(05) / ... para top(01)
Mensaje X / 00:00:04:000 / top(01) / heroin / 1000050.00000 para creep(08)
Mensaje X / 00:00:04:000 / top(01) / heroin / 4000000.00000 para hero(02)
Mensaje X / 00:00:04:000 / creep(08) / heroin / 1000050.00000 para creep1(09)
Mensaje X / 00:00:04:000 / hero(02) / heroin / 4000000.00000 para hdecision(03)
Mensaje D / 00:00:04:000 / creep1(09) / 00:00:01:500 para creep(08)
Mensaje D / 00:00:04:000 / hdecision(03) / 00:00:00:000 para hero(02)
Mensaje D / 00:00:04:000 / creep(08) / 00:00:01:500 para top(01)
Mensaje D / 00:00:04:000 / hero(02) / 00:00:00:000 para top(01)
Mensaje D / 00:00:04:000 / top(01) / 00:00:00:000 para Root(00)
Mensaje * / 00:00:04:000 / Root(00) para top(01)
Mensaje * / 00:00:04:000 / top(01) para hero(02)
Mensaje * / 00:00:04:000 / hero(02) para hdecision(03)
Mensaje Y / 00:00:04:000 / hdecision(03) / attackout / 4000050.00000 para hero(02)
Mensaje D / 00:00:04:000 / hdecision(03) / ... para hero(02)
Mensaje X / 00:00:04:000 / hero(02) / in / 4000050.00000 para hattack(04)
Mensaje D / 00:00:04:000 / hattack(04) / 00:00:01:500 para hero(02)
Mensaje D / 00:00:04:000 / hero(02) / 00:00:01:500 para top(01)
Mensaje D / 00:00:04:000 / top(01) / 00:00:00:000 para Root(00)
Mensaje * / 00:00:04:000 / Root(00) para top(01)
Mensaje * / 00:00:04:000 / top(01) para enemycreep(10)
Mensaje * / 00:00:04:000 / enemycreep(10) para creep2(11)
Mensaje Y / 00:00:04:000 / creep2(11) / creepout / 1000025.00000 para enemycreep(10)
Mensaje D / 00:00:04:000 / creep2(11) / ... para enemycreep(10)
Mensaje Y / 00:00:04:000 / enemycreep(10) / creepout / 1000025.00000 para top(01)
Mensaje D / 00:00:04:000 / enemycreep(10) / ... para top(01)
Mensaje X / 00:00:04:000 / top(01) / creepin / 1000025.00000 para creep(08)
Mensaje X / 00:00:04:000 / creep(08) / creepin / 1000025.00000 para creep1(09)
Mensaje D / 00:00:04:000 / creep1(09) / 00:00:01:500 para creep(08)
Mensaje D / 00:00:04:000 / creep(08) / 00:00:01:500 para top(01)
Mensaje D / 00:00:04:000 / top(01) / 00:00:01:500 para Root(00)
Mensaje * / 00:00:05:500 / Root(00) para top(01)
Mensaje * / 00:00:05:500 / top(01) para hero(02)
Mensaje * / 00:00:05:500 / hero(02) para hattack(04)
Mensaje Y / 00:00:05:500 / hattack(04) / creepout / 4000000.00000 para hero(02)
Mensaje Y / 00:00:05:500 / hattack(04) / heroout / 4000000.00000 para hero(02)
Mensaje D / 00:00:05:500 / hattack(04) / ... para hero(02)
Mensaje Y / 00:00:05:500 / hero(02) / creepout / 4000000.00000 para top(01)
Mensaje Y / 00:00:05:500 / hero(02) / heroout / 4000000.00000 para top(01)
Mensaje D / 00:00:05:500 / hero(02) / ... para top(01)
Mensaje X / 00:00:05:500 / top(01) / heroin / 4000000.00000 para enemycreep(10)
Mensaje X / 00:00:05:500 / top(01) / heroin / 4000000.00000 para enemyhero(05)
Mensaje X / 00:00:05:500 / enemycreep(10) / heroin / 4000000.00000 para creep2(11)
Mensaje X / 00:00:05:500 / enemyhero(05) / heroin / 4000000.00000 para ehdecision(06)
Mensaje D / 00:00:05:500 / creep2(11) / 00:00:01:500 para enemycreep(10)
Mensaje D / 00:00:05:500 / ehdecision(06) / 00:00:00:000 para enemyhero(05)
Mensaje D / 00:00:05:500 / enemycreep(10) / 00:00:01:500 para top(01)
Mensaje D / 00:00:05:500 / enemyhero(05) / 00:00:00:000 para top(01)
Mensaje D / 00:00:05:500 / top(01) / 00:00:00:000 para Root(00)
Mensaje * / 00:00:05:500 / Root(00) para top(01)
Mensaje * / 00:00:05:500 / top(01) para enemyhero(05)
Mensaje * / 00:00:05:500 / enemyhero(05) para ehdecision(06)
Mensaje Y / 00:00:05:500 / ehdecision(06) / attackout / 4000050.00000 para enemyhero(05)
Mensaje D / 00:00:05:500 / ehdecision(06) / ... para enemyhero(05)
Mensaje X / 00:00:05:500 / enemyhero(05) / in / 4000050.00000 para ehattack(07)
Mensaje D / 00:00:05:500 / ehattack(07) / 00:00:01:500 para enemyhero(05)
Mensaje D / 00:00:05:500 / enemyhero(05) / 00:00:01:500 para top(01)
Mensaje D / 00:00:05:500 / top(01) / 00:00:00:000 para Root(00)
Mensaje * / 00:00:05:500 / Root(00) para top(01)
Mensaje * / 00:00:05:500 / top(01) para creep(08)
Mensaje * / 00:00:05:500 / creep(08) para creep1(09)
Mensaje Y / 00:00:05:500 / creep1(09) / creepout / 9000000.00000 para creep(08)
Mensaje Y / 00:00:05:500 / creep1(09) / heroout / 9000000.00000 para creep(08)
Mensaje D / 00:00:05:500 / creep1(09) / ... para creep(08)
Mensaje Y / 00:00:05:500 / creep(08) / creepout / 9000000.00000 para top(01)
Mensaje Y / 00:00:05:500 / creep(08) / heroout / 9000000.00000 para top(01)
Mensaje D / 00:00:05:500 / creep(08) / ... para top(01)
Mensaje X / 00:00:05:500 / top(01) / creepin / 9000000.00000 para enemycreep(10)
Mensaje X / 00:00:05:500 / top(01) / creepin / 9000000.00000 para enemyhero(05)
Mensaje X / 00:00:05:500 / enemycreep(10) / creepin / 9000000.00000 para creep2(11)
Mensaje X / 00:00:05:500 / enemyhero(05) / creepin / 9000000.00000 para ehdecision(06)
Mensaje D / 00:00:05:500 / creep2(11) / 00:00:01:500 para enemycreep(10)
Mensaje D / 00:00:05:500 / ehdecision(06) / 00:00:00:000 para enemyhero(05)
Mensaje D / 00:00:05:500 / enemycreep(10) / 00:00:01:500 para top(01)
Mensaje D / 00:00:05:500 / enemyhero(05) / 00:00:00:000 para top(01)
Mensaje D / 00:00:05:500 / top(01) / 00:00:00:000 para Root(00)
Mensaje * / 00:00:05:500 / Root(00) para top(01)
Mensaje * / 00:00:05:500 / top(01) para enemyhero(05)
Mensaje * / 00:00:05:500 / enemyhero(05) para ehdecision(06)
Mensaje Y / 00:00:05:500 / ehdecision(06) / attackout / 2000050.00000 para enemyhero(05)
Mensaje D / 00:00:05:500 / ehdecision(06) / ... para enemyhero(05)
Mensaje X / 00:00:05:500 / enemyhero(05) / in / 2000050.00000 para ehattack(07)
Mensaje D / 00:00:05:500 / ehattack(07) / 00:00:01:500 para enemyhero(05)
Mensaje D / 00:00:05:500 / enemyhero(05) / 00:00:01:500 para top(01)
Mensaje D / 00:00:05:500 / top(01) / 00:00:01:500 para Root(00)
Mensaje * / 00:00:07:000 / Root(00) para top(01)
Mensaje * / 00:00:07:000 / top(01) para enemyhero(05)
Mensaje * / 00:00:07:000 / enemyhero(05) para ehattack(07)
Mensaje Y / 00:00:07:000 / ehattack(07) / heroout / 1000050.00000 para enemyhero(05)
Mensaje Y / 00:00:07:000 / ehattack(07) / creepout / 2000050.00000 para enemyhero(05)
Mensaje D / 00:00:07:000 / ehattack(07) / ... para enemyhero(05)
Mensaje Y / 00:00:07:000 / enemyhero(05) / heroout / 1000050.00000 para top(01)
Mensaje Y / 00:00:07:000 / enemyhero(05) / creepout / 2000050.00000 para top(01)
Mensaje D / 00:00:07:000 / enemyhero(05) / ... para top(01)
Mensaje X / 00:00:07:000 / top(01) / heroin / 1000050.00000 para hero(02)
Mensaje X / 00:00:07:000 / top(01) / heroin / 2000050.00000 para creep(08)
Mensaje X / 00:00:07:000 / hero(02) / heroin / 1000050.00000 para hdecision(03)
Mensaje X / 00:00:07:000 / creep(08) / heroin / 2000050.00000 para creep1(09)
Mensaje D / 00:00:07:000 / hdecision(03) / 00:00:00:000 para hero(02)
Mensaje D / 00:00:07:000 / creep1(09) / ... para creep(08)
Mensaje D / 00:00:07:000 / hero(02) / 00:00:00:000 para top(01)
Mensaje D / 00:00:07:000 / creep(08) / ... para top(01)
Mensaje D / 00:00:07:000 / top(01) / 00:00:00:000 para Root(00)
Mensaje * / 00:00:07:000 / Root(00) para top(01)
Mensaje * / 00:00:07:000 / top(01) para hero(02)
Mensaje * / 00:00:07:000 / hero(02) para hdecision(03)
Mensaje Y / 00:00:07:000 / hdecision(03) / attackout / 4000050.00000 para hero(02)
Mensaje D / 00:00:07:000 / hdecision(03) / ... para hero(02)
Mensaje X / 00:00:07:000 / hero(02) / in / 4000050.00000 para hattack(04)
Mensaje D / 00:00:07:000 / hattack(04) / 00:00:01:500 para hero(02)
Mensaje D / 00:00:07:000 / hero(02) / 00:00:01:500 para top(01)
Mensaje D / 00:00:07:000 / top(01) / 00:00:00:000 para Root(00)
Mensaje * / 00:00:07:000 / Root(00) para top(01)
Mensaje * / 00:00:07:000 / top(01) para enemycreep(10)
Mensaje * / 00:00:07:000 / enemycreep(10) para creep2(11)
Mensaje Y / 00:00:07:000 / creep2(11) / heroout / 1000025.00000 para enemycreep(10)
Mensaje D / 00:00:07:000 / creep2(11) / ... para enemycreep(10)
Mensaje Y / 00:00:07:000 / enemycreep(10) / heroout / 1000025.00000 para top(01)
Mensaje D / 00:00:07:000 / enemycreep(10) / ... para top(01)
Mensaje X / 00:00:07:000 / top(01) / creepin / 1000025.00000 para hero(02)
Mensaje X / 00:00:07:000 / hero(02) / creepin / 1000025.00000 para hdecision(03)
Mensaje D / 00:00:07:000 / hdecision(03) / 00:00:00:000 para hero(02)
Mensaje D / 00:00:07:000 / hero(02) / 00:00:00:000 para top(01)
Mensaje D / 00:00:07:000 / top(01) / 00:00:00:000 para Root(00)
Mensaje * / 00:00:07:000 / Root(00) para top(01)
Mensaje * / 00:00:07:000 / top(01) para hero(02)
Mensaje * / 00:00:07:000 / hero(02) para hdecision(03)
Mensaje Y / 00:00:07:000 / hdecision(03) / attackout / 4000050.00000 para hero(02)
Mensaje D / 00:00:07:000 / hdecision(03) / ... para hero(02)
Mensaje X / 00:00:07:000 / hero(02) / in / 4000050.00000 para hattack(04)
Mensaje D / 00:00:07:000 / hattack(04) / 00:00:01:500 para hero(02)
Mensaje D / 00:00:07:000 / hero(02) / 00:00:01:500 para top(01)
Mensaje D / 00:00:07:000 / top(01) / 00:00:01:500 para Root(00)
Mensaje * / 00:00:08:500 / Root(00) para top(01)
Mensaje * / 00:00:08:500 / top(01) para hero(02)
Mensaje * / 00:00:08:500 / hero(02) para hattack(04)
Mensaje Y / 00:00:08:500 / hattack(04) / creepout / 4000000.00000 para hero(02)
Mensaje Y / 00:00:08:500 / hattack(04) / heroout / 4000000.00000 para hero(02)
Mensaje D / 00:00:08:500 / hattack(04) / ... para hero(02)
Mensaje Y / 00:00:08:500 / hero(02) / creepout / 4000000.00000 para top(01)
Mensaje Y / 00:00:08:500 / hero(02) / heroout / 4000000.00000 para top(01)
Mensaje D / 00:00:08:500 / hero(02) / ... para top(01)
Mensaje X / 00:00:08:500 / top(01) / heroin / 4000000.00000 para enemycreep(10)
Mensaje X / 00:00:08:500 / top(01) / heroin / 4000000.00000 para enemyhero(05)
Mensaje X / 00:00:08:500 / enemycreep(10) / heroin / 4000000.00000 para creep2(11)
Mensaje X / 00:00:08:500 / enemyhero(05) / heroin / 4000000.00000 para ehdecision(06)
Mensaje D / 00:00:08:500 / creep2(11) / 00:00:01:500 para enemycreep(10)
Mensaje D / 00:00:08:500 / ehdecision(06) / 00:00:00:000 para enemyhero(05)
Mensaje D / 00:00:08:500 / enemycreep(10) / 00:00:01:500 para top(01)
Mensaje D / 00:00:08:500 / enemyhero(05) / 00:00:00:000 para top(01)
Mensaje D / 00:00:08:500 / top(01) / 00:00:00:000 para Root(00)
Mensaje * / 00:00:08:500 / Root(00) para top(01)
Mensaje * / 00:00:08:500 / top(01) para enemyhero(05)
Mensaje * / 00:00:08:500 / enemyhero(05) para ehdecision(06)
Mensaje Y / 00:00:08:500 / ehdecision(06) / attackout / 2000050.00000 para enemyhero(05)
Mensaje D / 00:00:08:500 / ehdecision(06) / ... para enemyhero(05)
Mensaje X / 00:00:08:500 / enemyhero(05) / in / 2000050.00000 para ehattack(07)
Mensaje D / 00:00:08:500 / ehattack(07) / 00:00:01:500 para enemyhero(05)
Mensaje D / 00:00:08:500 / enemyhero(05) / 00:00:01:500 para top(01)
Mensaje D / 00:00:08:500 / top(01) / 00:00:01:500 para Root(00)
Mensaje * / 00:00:10:000 / Root(00) para top(01)
Mensaje * / 00:00:10:000 / top(01) para enemyhero(05)
Mensaje * / 00:00:10:000 / enemyhero(05) para ehattack(07)
Mensaje Y / 00:00:10:000 / ehattack(07) / heroout / 1000100.00000 para enemyhero(05)
Mensaje Y / 00:00:10:000 / ehattack(07) / creepout / 2000100.00000 para enemyhero(05)
Mensaje D / 00:00:10:000 / ehattack(07) / ... para enemyhero(05)
Mensaje Y / 00:00:10:000 / enemyhero(05) / heroout / 1000100.00000 para top(01)
Mensaje Y / 00:00:10:000 / enemyhero(05) / creepout / 2000100.00000 para top(01)
Mensaje D / 00:00:10:000 / enemyhero(05) / ... para top(01)
Mensaje X / 00:00:10:000 / top(01) / heroin / 1000100.00000 para hero(02)
Mensaje X / 00:00:10:000 / top(01) / heroin / 2000100.00000 para creep(08)
Mensaje X / 00:00:10:000 / hero(02) / heroin / 1000100.00000 para hdecision(03)
Mensaje X / 00:00:10:000 / creep(08) / heroin / 2000100.00000 para creep1(09)
Mensaje D / 00:00:10:000 / hdecision(03) / 00:00:00:000 para hero(02)
Mensaje D / 00:00:10:000 / creep1(09) / ... para creep(08)
Mensaje D / 00:00:10:000 / hero(02) / 00:00:00:000 para top(01)
Mensaje D / 00:00:10:000 / creep(08) / ... para top(01)
Mensaje D / 00:00:10:000 / top(01) / 00:00:00:000 para Root(00)
Mensaje * / 00:00:10:000 / Root(00) para top(01)
Mensaje * / 00:00:10:000 / top(01) para hero(02)
Mensaje * / 00:00:10:000 / hero(02) para hdecision(03)
Mensaje Y / 00:00:10:000 / hdecision(03) / attackout / 5000050.00000 para hero(02)
Mensaje D / 00:00:10:000 / hdecision(03) / ... para hero(02)
Mensaje X / 00:00:10:000 / hero(02) / in / 5000050.00000 para hattack(04)
Mensaje D / 00:00:10:000 / hattack(04) / 00:00:01:500 para hero(02)
Mensaje D / 00:00:10:000 / hero(02) / 00:00:01:500 para top(01)
Mensaje D / 00:00:10:000 / top(01) / 00:00:00:000 para Root(00)
Mensaje * / 00:00:10:000 / Root(00) para top(01)
Mensaje * / 00:00:10:000 / top(01) para enemycreep(10)
Mensaje * / 00:00:10:000 / enemycreep(10) para creep2(11)
Mensaje Y / 00:00:10:000 / creep2(11) / heroout / 1000025.00000 para enemycreep(10)
Mensaje D / 00:00:10:000 / creep2(11) / ... para enemycreep(10)
Mensaje Y / 00:00:10:000 / enemycreep(10) / heroout / 1000025.00000 para top(01)
Mensaje D / 00:00:10:000 / enemycreep(10) / ... para top(01)
Mensaje X / 00:00:10:000 / top(01) / creepin / 1000025.00000 para hero(02)
Mensaje X / 00:00:10:000 / hero(02) / creepin / 1000025.00000 para hdecision(03)
Mensaje D / 00:00:10:000 / hdecision(03) / 00:00:00:000 para hero(02)
Mensaje D / 00:00:10:000 / hero(02) / 00:00:00:000 para top(01)
Mensaje D / 00:00:10:000 / top(01) / 00:00:00:000 para Root(00)
Mensaje * / 00:00:10:000 / Root(00) para top(01)
Mensaje * / 00:00:10:000 / top(01) para hero(02)
Mensaje * / 00:00:10:000 / hero(02) para hdecision(03)
Mensaje Y / 00:00:10:000 / hdecision(03) / attackout / 5000050.00000 para hero(02)
Mensaje D / 00:00:10:000 / hdecision(03) / ... para hero(02)
Mensaje X / 00:00:10:000 / hero(02) / in / 5000050.00000 para hattack(04)
Mensaje D / 00:00:10:000 / hattack(04) / 00:00:01:500 para hero(02)
Mensaje D / 00:00:10:000 / hero(02) / 00:00:01:500 para top(01)
Mensaje D / 00:00:10:000 / top(01) / 00:00:01:500 para Root(00)
Mensaje * / 00:00:11:500 / Root(00) para top(01)
Mensaje * / 00:00:11:500 / top(01) para hero(02)
Mensaje * / 00:00:11:500 / hero(02) para hattack(04)
Mensaje Y / 00:00:11:500 / hattack(04) / resultout /      2.00000 para hero(02)
Mensaje Y / 00:00:11:500 / hattack(04) / heroout / 9000000.00000 para hero(02)
Mensaje D / 00:00:11:500 / hattack(04) / ... para hero(02)
Mensaje Y / 00:00:11:500 / hero(02) / resultout /      2.00000 para top(01)
Mensaje Y / 00:00:11:500 / hero(02) / heroout / 9000000.00000 para top(01)
Mensaje D / 00:00:11:500 / hero(02) / ... para top(01)
Mensaje Y / 00:00:11:500 / top(01) / resultout /      2.00000 para Root(00)
Mensaje X / 00:00:11:500 / top(01) / heroin / 9000000.00000 para enemyhero(05)
Mensaje X / 00:00:11:500 / enemyhero(05) / heroin / 9000000.00000 para ehdecision(06)
Mensaje D / 00:00:11:500 / ehdecision(06) / 00:00:00:000 para enemyhero(05)
Mensaje D / 00:00:11:500 / enemyhero(05) / 00:00:00:000 para top(01)
Mensaje D / 00:00:11:500 / top(01) / 00:00:00:000 para Root(00)
Mensaje * / 00:00:11:500 / Root(00) para top(01)
Mensaje * / 00:00:11:500 / top(01) para enemyhero(05)
Mensaje * / 00:00:11:500 / enemyhero(05) para ehdecision(06)
Mensaje Y / 00:00:11:500 / ehdecision(06) / attackout / 1000050.00000 para enemyhero(05)
Mensaje D / 00:00:11:500 / ehdecision(06) / ... para enemyhero(05)
Mensaje X / 00:00:11:500 / enemyhero(05) / in / 1000050.00000 para ehattack(07)
Mensaje D / 00:00:11:500 / ehattack(07) / 00:00:01:500 para enemyhero(05)
Mensaje D / 00:00:11:500 / enemyhero(05) / 00:00:01:500 para top(01)
Mensaje D / 00:00:11:500 / top(01) / 00:00:01:500 para Root(00)
Mensaje * / 00:00:13:000 / Root(00) para top(01)
Mensaje * / 00:00:13:000 / top(01) para enemyhero(05)
Mensaje * / 00:00:13:000 / enemyhero(05) para ehattack(07)
Mensaje Y / 00:00:13:000 / ehattack(07) / resultout /      1.00000 para enemyhero(05)
Mensaje D / 00:00:13:000 / ehattack(07) / ... para enemyhero(05)
Mensaje Y / 00:00:13:000 / enemyhero(05) / resultout /      1.00000 para top(01)
Mensaje D / 00:00:13:000 / enemyhero(05) / ... para top(01)
Mensaje D / 00:00:13:000 / top(01) / ... para Root(00)
