Mensaje I / 00:00:00:000 / Root(00) para top(01)
Mensaje I / 00:00:00:000 / top(01) para creepmodel(02)
Mensaje D / 00:00:00:000 / creepmodel(02) / ... para top(01)
Mensaje D / 00:00:00:000 / top(01) / ... para Root(00)
Mensaje X / 00:00:10:000 / Root(00) / creepin / 1000015.00000 para top(01)
Mensaje X / 00:00:10:000 / top(01) / creepin / 1000015.00000 para creepmodel(02)
Mensaje D / 00:00:10:000 / creepmodel(02) / 00:00:01:500 para top(01)
Mensaje D / 00:00:10:000 / top(01) / 00:00:01:500 para Root(00)
Mensaje X / 00:00:10:000 / Root(00) / heroin / 1000015.00000 para top(01)
Mensaje X / 00:00:10:000 / top(01) / heroin / 1000015.00000 para creepmodel(02)
Mensaje D / 00:00:10:000 / creepmodel(02) / 00:00:01:500 para top(01)
Mensaje D / 00:00:10:000 / top(01) / 00:00:01:500 para Root(00)
Mensaje * / 00:00:11:500 / Root(00) para top(01)
Mensaje * / 00:00:11:500 / top(01) para creepmodel(02)
Mensaje Y / 00:00:11:500 / creepmodel(02) / creepout / 1000025.00000 para top(01)
Mensaje D / 00:00:11:500 / creepmodel(02) / ... para top(01)
Mensaje Y / 00:00:11:500 / top(01) / creepout / 1000025.00000 para Root(00)
Mensaje D / 00:00:11:500 / top(01) / ... para Root(00)
Mensaje X / 00:00:30:000 / Root(00) / heroin / 2000025.00000 para top(01)
Mensaje X / 00:00:30:000 / top(01) / heroin / 2000025.00000 para creepmodel(02)
Mensaje D / 00:00:30:000 / creepmodel(02) / 00:00:01:500 para top(01)
Mensaje D / 00:00:30:000 / top(01) / 00:00:01:500 para Root(00)
Mensaje X / 00:00:30:000 / Root(00) / creepin / 1000015.00000 para top(01)
Mensaje X / 00:00:30:000 / top(01) / creepin / 1000015.00000 para creepmodel(02)
Mensaje D / 00:00:30:000 / creepmodel(02) / 00:00:01:500 para top(01)
Mensaje D / 00:00:30:000 / top(01) / 00:00:01:500 para Root(00)
Mensaje * / 00:00:31:500 / Root(00) para top(01)
Mensaje * / 00:00:31:500 / top(01) para creepmodel(02)
Mensaje Y / 00:00:31:500 / creepmodel(02) / heroout / 1000025.00000 para top(01)
Mensaje D / 00:00:31:500 / creepmodel(02) / ... para top(01)
Mensaje Y / 00:00:31:500 / top(01) / heroout / 1000025.00000 para Root(00)
Mensaje D / 00:00:31:500 / top(01) / ... para Root(00)
Mensaje X / 00:00:50:000 / Root(00) / creepin / 9000000.00000 para top(01)
Mensaje X / 00:00:50:000 / top(01) / creepin / 9000000.00000 para creepmodel(02)
Mensaje D / 00:00:50:000 / creepmodel(02) / 00:00:01:500 para top(01)
Mensaje D / 00:00:50:000 / top(01) / 00:00:01:500 para Root(00)
Mensaje * / 00:00:51:500 / Root(00) para top(01)
Mensaje * / 00:00:51:500 / top(01) para creepmodel(02)
Mensaje Y / 00:00:51:500 / creepmodel(02) / heroout / 1000025.00000 para top(01)
Mensaje D / 00:00:51:500 / creepmodel(02) / ... para top(01)
Mensaje Y / 00:00:51:500 / top(01) / heroout / 1000025.00000 para Root(00)
Mensaje D / 00:00:51:500 / top(01) / ... para Root(00)
Mensaje X / 00:01:10:000 / Root(00) / heroin / 2000050.00000 para top(01)
Mensaje X / 00:01:10:000 / top(01) / heroin / 2000050.00000 para creepmodel(02)
Mensaje D / 00:01:10:000 / creepmodel(02) / 00:00:01:500 para top(01)
Mensaje D / 00:01:10:000 / top(01) / 00:00:01:500 para Root(00)
Mensaje * / 00:01:11:500 / Root(00) para top(01)
Mensaje * / 00:01:11:500 / top(01) para creepmodel(02)
Mensaje Y / 00:01:11:500 / creepmodel(02) / heroout / 1000025.00000 para top(01)
Mensaje D / 00:01:11:500 / creepmodel(02) / ... para top(01)
Mensaje Y / 00:01:11:500 / top(01) / heroout / 1000025.00000 para Root(00)
Mensaje D / 00:01:11:500 / top(01) / ... para Root(00)
Mensaje X / 00:01:30:000 / Root(00) / heroin / 1000050.00000 para top(01)
Mensaje X / 00:01:30:000 / top(01) / heroin / 1000050.00000 para creepmodel(02)
Mensaje D / 00:01:30:000 / creepmodel(02) / 00:00:01:500 para top(01)
Mensaje D / 00:01:30:000 / top(01) / 00:00:01:500 para Root(00)
Mensaje X / 00:01:30:000 / Root(00) / creepin / 1000050.00000 para top(01)
Mensaje X / 00:01:30:000 / top(01) / creepin / 1000050.00000 para creepmodel(02)
Mensaje D / 00:01:30:000 / creepmodel(02) / 00:00:01:500 para top(01)
Mensaje D / 00:01:30:000 / top(01) / 00:00:01:500 para Root(00)
Mensaje * / 00:01:31:500 / Root(00) para top(01)
Mensaje * / 00:01:31:500 / top(01) para creepmodel(02)
Mensaje Y / 00:01:31:500 / creepmodel(02) / creepout / 9000000.00000 para top(01)
Mensaje Y / 00:01:31:500 / creepmodel(02) / heroout / 9000000.00000 para top(01)
Mensaje D / 00:01:31:500 / creepmodel(02) / ... para top(01)
Mensaje Y / 00:01:31:500 / top(01) / creepout / 9000000.00000 para Root(00)
Mensaje Y / 00:01:31:500 / top(01) / heroout / 9000000.00000 para Root(00)
Mensaje D / 00:01:31:500 / top(01) / ... para Root(00)
Mensaje X / 00:01:40:000 / Root(00) / heroin / 1000150.00000 para top(01)
Mensaje X / 00:01:40:000 / top(01) / heroin / 1000150.00000 para creepmodel(02)
Mensaje D / 00:01:40:000 / creepmodel(02) / ... para top(01)
Mensaje D / 00:01:40:000 / top(01) / ... para Root(00)
