Mensaje I / 00:00:00:000 / Root(00) para top(01)
Mensaje I / 00:00:00:000 / top(01) para hattack(02)
Mensaje D / 00:00:00:000 / hattack(02) / ... para top(01)
Mensaje D / 00:00:00:000 / top(01) / ... para Root(00)
Mensaje X / 00:00:10:000 / Root(00) / in / 1000050.00000 para top(01)
Mensaje X / 00:00:10:000 / top(01) / in / 1000050.00000 para hattack(02)
Mensaje D / 00:00:10:000 / hattack(02) / 00:00:01:500 para top(01)
Mensaje D / 00:00:10:000 / top(01) / 00:00:01:500 para Root(00)
Mensaje * / 00:00:11:500 / Root(00) para top(01)
Mensaje * / 00:00:11:500 / top(01) para hattack(02)
Mensaje Y / 00:00:11:500 / hattack(02) / resultout /      1.00000 para top(01)
Mensaje D / 00:00:11:500 / hattack(02) / ... para top(01)
Mensaje Y / 00:00:11:500 / top(01) / resultout /      1.00000 para Root(00)
Mensaje D / 00:00:11:500 / top(01) / ... para Root(00)
Mensaje X / 00:00:30:000 / Root(00) / in / 2000050.00000 para top(01)
Mensaje X / 00:00:30:000 / top(01) / in / 2000050.00000 para hattack(02)
Mensaje D / 00:00:30:000 / hattack(02) / 00:00:01:500 para top(01)
Mensaje D / 00:00:30:000 / top(01) / 00:00:01:500 para Root(00)
Mensaje * / 00:00:31:500 / Root(00) para top(01)
Mensaje * / 00:00:31:500 / top(01) para hattack(02)
Mensaje Y / 00:00:31:500 / hattack(02) / heroout / 1000050.00000 para top(01)
Mensaje Y / 00:00:31:500 / hattack(02) / creepout / 2000050.00000 para top(01)
Mensaje D / 00:00:31:500 / hattack(02) / ... para top(01)
Mensaje Y / 00:00:31:500 / top(01) / heroout / 1000050.00000 para Root(00)
Mensaje Y / 00:00:31:500 / top(01) / creepout / 2000050.00000 para Root(00)
Mensaje D / 00:00:31:500 / top(01) / ... para Root(00)
Mensaje X / 00:00:50:000 / Root(00) / in / 3000050.00000 para top(01)
Mensaje X / 00:00:50:000 / top(01) / in / 3000050.00000 para hattack(02)
Mensaje D / 00:00:50:000 / hattack(02) / 00:00:01:500 para top(01)
Mensaje D / 00:00:50:000 / top(01) / 00:00:01:500 para Root(00)
Mensaje * / 00:00:51:500 / Root(00) para top(01)
Mensaje * / 00:00:51:500 / top(01) para hattack(02)
Mensaje Y / 00:00:51:500 / hattack(02) / creepout / 1000050.00000 para top(01)
Mensaje Y / 00:00:51:500 / hattack(02) / heroout / 4000000.00000 para top(01)
Mensaje D / 00:00:51:500 / hattack(02) / ... para top(01)
Mensaje Y / 00:00:51:500 / top(01) / creepout / 1000050.00000 para Root(00)
Mensaje Y / 00:00:51:500 / top(01) / heroout / 4000000.00000 para Root(00)
Mensaje D / 00:00:51:500 / top(01) / ... para Root(00)
Mensaje X / 00:01:10:000 / Root(00) / in / 4000050.00000 para top(01)
Mensaje X / 00:01:10:000 / top(01) / in / 4000050.00000 para hattack(02)
Mensaje D / 00:01:10:000 / hattack(02) / 00:00:01:500 para top(01)
Mensaje D / 00:01:10:000 / top(01) / 00:00:01:500 para Root(00)
Mensaje * / 00:01:11:500 / Root(00) para top(01)
Mensaje * / 00:01:11:500 / top(01) para hattack(02)
Mensaje Y / 00:01:11:500 / hattack(02) / creepout / 4000000.00000 para top(01)
Mensaje Y / 00:01:11:500 / hattack(02) / heroout / 4000000.00000 para top(01)
Mensaje D / 00:01:11:500 / hattack(02) / ... para top(01)
Mensaje Y / 00:01:11:500 / top(01) / creepout / 4000000.00000 para Root(00)
Mensaje Y / 00:01:11:500 / top(01) / heroout / 4000000.00000 para Root(00)
Mensaje D / 00:01:11:500 / top(01) / ... para Root(00)
Mensaje X / 00:01:20:000 / Root(00) / in / 5000050.00000 para top(01)
Mensaje X / 00:01:20:000 / top(01) / in / 5000050.00000 para hattack(02)
Mensaje D / 00:01:20:000 / hattack(02) / 00:00:01:500 para top(01)
Mensaje D / 00:01:20:000 / top(01) / 00:00:01:500 para Root(00)
Mensaje * / 00:01:21:500 / Root(00) para top(01)
Mensaje * / 00:01:21:500 / top(01) para hattack(02)
Mensaje Y / 00:01:21:500 / hattack(02) / resultout /      2.00000 para top(01)
Mensaje Y / 00:01:21:500 / hattack(02) / heroout / 9000000.00000 para top(01)
Mensaje D / 00:01:21:500 / hattack(02) / ... para top(01)
Mensaje Y / 00:01:21:500 / top(01) / resultout /      2.00000 para Root(00)
Mensaje Y / 00:01:21:500 / top(01) / heroout / 9000000.00000 para Root(00)
Mensaje D / 00:01:21:500 / top(01) / ... para Root(00)
