Mensaje I / 00:00:00:000 / Root(00) para top(01)
Mensaje I / 00:00:00:000 / top(01) para hdecision(02)
Mensaje D / 00:00:00:000 / hdecision(02) / ... para top(01)
Mensaje D / 00:00:00:000 / top(01) / ... para Root(00)
Mensaje X / 00:00:30:000 / Root(00) / creepin / 3000100.00000 para top(01)
Mensaje X / 00:00:30:000 / top(01) / creepin / 3000100.00000 para hdecision(02)
Mensaje D / 00:00:30:000 / hdecision(02) / 00:00:00:000 para top(01)
Mensaje D / 00:00:30:000 / top(01) / 00:00:00:000 para Root(00)
Mensaje X / 00:00:30:000 / Root(00) / heroin / 4000050.00000 para top(01)
Mensaje X / 00:00:30:000 / top(01) / heroin / 4000050.00000 para hdecision(02)
Mensaje D / 00:00:30:000 / hdecision(02) / 00:00:00:000 para top(01)
Mensaje D / 00:00:30:000 / top(01) / 00:00:00:000 para Root(00)
Mensaje * / 00:00:30:000 / Root(00) para top(01)
Mensaje * / 00:00:30:000 / top(01) para hdecision(02)
Mensaje Y / 00:00:30:000 / hdecision(02) / attackout / 2000050.00000 para top(01)
Mensaje D / 00:00:30:000 / hdecision(02) / ... para top(01)
Mensaje Y / 00:00:30:000 / top(01) / attackout / 2000050.00000 para Root(00)
Mensaje D / 00:00:30:000 / top(01) / ... para Root(00)
Mensaje X / 00:00:50:000 / Root(00) / creepin / 1000020.00000 para top(01)
Mensaje X / 00:00:50:000 / top(01) / creepin / 1000020.00000 para hdecision(02)
Mensaje D / 00:00:50:000 / hdecision(02) / 00:00:00:000 para top(01)
Mensaje D / 00:00:50:000 / top(01) / 00:00:00:000 para Root(00)
Mensaje X / 00:00:50:000 / Root(00) / heroin / 1000010.00000 para top(01)
Mensaje X / 00:00:50:000 / top(01) / heroin / 1000010.00000 para hdecision(02)
Mensaje D / 00:00:50:000 / hdecision(02) / 00:00:00:000 para top(01)
Mensaje D / 00:00:50:000 / top(01) / 00:00:00:000 para Root(00)
Mensaje * / 00:00:50:000 / Root(00) para top(01)
Mensaje * / 00:00:50:000 / top(01) para hdecision(02)
Mensaje Y / 00:00:50:000 / hdecision(02) / attackout / 4000050.00000 para top(01)
Mensaje D / 00:00:50:000 / hdecision(02) / ... para top(01)
Mensaje Y / 00:00:50:000 / top(01) / attackout / 4000050.00000 para Root(00)
Mensaje D / 00:00:50:000 / top(01) / ... para Root(00)
Mensaje X / 00:01:10:000 / Root(00) / creepin / 1000010.00000 para top(01)
Mensaje X / 00:01:10:000 / top(01) / creepin / 1000010.00000 para hdecision(02)
Mensaje D / 00:01:10:000 / hdecision(02) / 00:00:00:000 para top(01)
Mensaje D / 00:01:10:000 / top(01) / 00:00:00:000 para Root(00)
Mensaje X / 00:01:10:000 / Root(00) / heroin / 1000010.00000 para top(01)
Mensaje X / 00:01:10:000 / top(01) / heroin / 1000010.00000 para hdecision(02)
Mensaje D / 00:01:10:000 / hdecision(02) / 00:00:00:000 para top(01)
Mensaje D / 00:01:10:000 / top(01) / 00:00:00:000 para Root(00)
Mensaje * / 00:01:10:000 / Root(00) para top(01)
Mensaje * / 00:01:10:000 / top(01) para hdecision(02)
Mensaje Y / 00:01:10:000 / hdecision(02) / attackout / 4000050.00000 para top(01)
Mensaje D / 00:01:10:000 / hdecision(02) / ... para top(01)
Mensaje Y / 00:01:10:000 / top(01) / attackout / 4000050.00000 para Root(00)
Mensaje D / 00:01:10:000 / top(01) / ... para Root(00)
Mensaje X / 00:01:20:000 / Root(00) / creepin / 3000020.00000 para top(01)
Mensaje X / 00:01:20:000 / top(01) / creepin / 3000020.00000 para hdecision(02)
Mensaje D / 00:01:20:000 / hdecision(02) / 00:00:00:000 para top(01)
Mensaje D / 00:01:20:000 / top(01) / 00:00:00:000 para Root(00)
Mensaje X / 00:01:20:000 / Root(00) / heroin / 1000010.00000 para top(01)
Mensaje X / 00:01:20:000 / top(01) / heroin / 1000010.00000 para hdecision(02)
Mensaje D / 00:01:20:000 / hdecision(02) / 00:00:00:000 para top(01)
Mensaje D / 00:01:20:000 / top(01) / 00:00:00:000 para Root(00)
Mensaje * / 00:01:20:000 / Root(00) para top(01)
Mensaje * / 00:01:20:000 / top(01) para hdecision(02)
Mensaje Y / 00:01:20:000 / hdecision(02) / attackout / 3000050.00000 para top(01)
Mensaje D / 00:01:20:000 / hdecision(02) / ... para top(01)
Mensaje Y / 00:01:20:000 / top(01) / attackout / 3000050.00000 para Root(00)
Mensaje D / 00:01:20:000 / top(01) / ... para Root(00)
Mensaje X / 00:02:10:000 / Root(00) / creepin / 9000000.00000 para top(01)
Mensaje X / 00:02:10:000 / top(01) / creepin / 9000000.00000 para hdecision(02)
Mensaje D / 00:02:10:000 / hdecision(02) / 00:00:00:000 para top(01)
Mensaje D / 00:02:10:000 / top(01) / 00:00:00:000 para Root(00)
Mensaje * / 00:02:10:000 / Root(00) para top(01)
Mensaje * / 00:02:10:000 / top(01) para hdecision(02)
Mensaje Y / 00:02:10:000 / hdecision(02) / attackout / 2000050.00000 para top(01)
Mensaje D / 00:02:10:000 / hdecision(02) / ... para top(01)
Mensaje Y / 00:02:10:000 / top(01) / attackout / 2000050.00000 para Root(00)
Mensaje D / 00:02:10:000 / top(01) / ... para Root(00)
Mensaje X / 00:02:20:000 / Root(00) / heroin / 9000000.00000 para top(01)
Mensaje X / 00:02:20:000 / top(01) / heroin / 9000000.00000 para hdecision(02)
Mensaje D / 00:02:20:000 / hdecision(02) / 00:00:00:000 para top(01)
Mensaje D / 00:02:20:000 / top(01) / 00:00:00:000 para Root(00)
Mensaje * / 00:02:20:000 / Root(00) para top(01)
Mensaje * / 00:02:20:000 / top(01) para hdecision(02)
Mensaje Y / 00:02:20:000 / hdecision(02) / attackout / 1000050.00000 para top(01)
Mensaje D / 00:02:20:000 / hdecision(02) / ... para top(01)
Mensaje Y / 00:02:20:000 / top(01) / attackout / 1000050.00000 para Root(00)
Mensaje D / 00:02:20:000 / top(01) / ... para Root(00)
Mensaje X / 00:02:30:000 / Root(00) / heroin / 1000100.00000 para top(01)
Mensaje X / 00:02:30:000 / top(01) / heroin / 1000100.00000 para hdecision(02)
Mensaje D / 00:02:30:000 / hdecision(02) / 00:00:00:000 para top(01)
Mensaje D / 00:02:30:000 / top(01) / 00:00:00:000 para Root(00)
Mensaje * / 00:02:30:000 / Root(00) para top(01)
Mensaje * / 00:02:30:000 / top(01) para hdecision(02)
Mensaje Y / 00:02:30:000 / hdecision(02) / attackout / 5000050.00000 para top(01)
Mensaje D / 00:02:30:000 / hdecision(02) / ... para top(01)
Mensaje Y / 00:02:30:000 / top(01) / attackout / 5000050.00000 para Root(00)
Mensaje D / 00:02:30:000 / top(01) / ... para Root(00)
