Mensaje I / 00:00:00:000 / Root(00) para top(01)
Mensaje I / 00:00:00:000 / top(01) para hero(02)
Mensaje I / 00:00:00:000 / hero(02) para hdecision(03)
Mensaje I / 00:00:00:000 / hero(02) para hattack(04)
Mensaje D / 00:00:00:000 / hdecision(03) / ... para hero(02)
Mensaje D / 00:00:00:000 / hattack(04) / ... para hero(02)
Mensaje D / 00:00:00:000 / hero(02) / ... para top(01)
Mensaje D / 00:00:00:000 / top(01) / ... para Root(00)
Mensaje X / 00:00:30:000 / Root(00) / creepin / 3000100.00000 para top(01)
Mensaje X / 00:00:30:000 / top(01) / creepin / 3000100.00000 para hero(02)
Mensaje X / 00:00:30:000 / hero(02) / creepin / 3000100.00000 para hdecision(03)
Mensaje D / 00:00:30:000 / hdecision(03) / 00:00:00:000 para hero(02)
Mensaje D / 00:00:30:000 / hero(02) / 00:00:00:000 para top(01)
Mensaje D / 00:00:30:000 / top(01) / 00:00:00:000 para Root(00)
Mensaje X / 00:00:30:000 / Root(00) / heroin / 4000050.00000 para top(01)
Mensaje X / 00:00:30:000 / top(01) / heroin / 4000050.00000 para hero(02)
Mensaje X / 00:00:30:000 / hero(02) / heroin / 4000050.00000 para hdecision(03)
Mensaje D / 00:00:30:000 / hdecision(03) / 00:00:00:000 para hero(02)
Mensaje D / 00:00:30:000 / hero(02) / 00:00:00:000 para top(01)
Mensaje D / 00:00:30:000 / top(01) / 00:00:00:000 para Root(00)
Mensaje * / 00:00:30:000 / Root(00) para top(01)
Mensaje * / 00:00:30:000 / top(01) para hero(02)
Mensaje * / 00:00:30:000 / hero(02) para hdecision(03)
Mensaje Y / 00:00:30:000 / hdecision(03) / attackout / 4000050.00000 para hero(02)
Mensaje D / 00:00:30:000 / hdecision(03) / ... para hero(02)
Mensaje X / 00:00:30:000 / hero(02) / in / 4000050.00000 para hattack(04)
Mensaje D / 00:00:30:000 / hattack(04) / 00:00:01:500 para hero(02)
Mensaje D / 00:00:30:000 / hero(02) / 00:00:01:500 para top(01)
Mensaje D / 00:00:30:000 / top(01) / 00:00:01:500 para Root(00)
Mensaje * / 00:00:31:500 / Root(00) para top(01)
Mensaje * / 00:00:31:500 / top(01) para hero(02)
Mensaje * / 00:00:31:500 / hero(02) para hattack(04)
Mensaje Y / 00:00:31:500 / hattack(04) / creepout / 4000000.00000 para hero(02)
Mensaje Y / 00:00:31:500 / hattack(04) / heroout / 4000000.00000 para hero(02)
Mensaje D / 00:00:31:500 / hattack(04) / ... para hero(02)
Mensaje Y / 00:00:31:500 / hero(02) / creepout / 4000000.00000 para top(01)
Mensaje Y / 00:00:31:500 / hero(02) / heroout / 4000000.00000 para top(01)
Mensaje D / 00:00:31:500 / hero(02) / ... para top(01)
Mensaje Y / 00:00:31:500 / top(01) / creepout / 4000000.00000 para Root(00)
Mensaje Y / 00:00:31:500 / top(01) / heroout / 4000000.00000 para Root(00)
Mensaje D / 00:00:31:500 / top(01) / ... para Root(00)
Mensaje X / 00:00:50:000 / Root(00) / creepin / 1000020.00000 para top(01)
Mensaje X / 00:00:50:000 / top(01) / creepin / 1000020.00000 para hero(02)
Mensaje X / 00:00:50:000 / hero(02) / creepin / 1000020.00000 para hdecision(03)
Mensaje D / 00:00:50:000 / hdecision(03) / 00:00:00:000 para hero(02)
Mensaje D / 00:00:50:000 / hero(02) / 00:00:00:000 para top(01)
Mensaje D / 00:00:50:000 / top(01) / 00:00:00:000 para Root(00)
Mensaje X / 00:00:50:000 / Root(00) / heroin / 1000010.00000 para top(01)
Mensaje X / 00:00:50:000 / top(01) / heroin / 1000010.00000 para hero(02)
Mensaje X / 00:00:50:000 / hero(02) / heroin / 1000010.00000 para hdecision(03)
Mensaje D / 00:00:50:000 / hdecision(03) / 00:00:00:000 para hero(02)
Mensaje D / 00:00:50:000 / hero(02) / 00:00:00:000 para top(01)
Mensaje D / 00:00:50:000 / top(01) / 00:00:00:000 para Root(00)
Mensaje * / 00:00:50:000 / Root(00) para top(01)
Mensaje * / 00:00:50:000 / top(01) para hero(02)
Mensaje * / 00:00:50:000 / hero(02) para hdecision(03)
Mensaje Y / 00:00:50:000 / hdecision(03) / attackout / 2000050.00000 para hero(02)
Mensaje D / 00:00:50:000 / hdecision(03) / ... para hero(02)
Mensaje X / 00:00:50:000 / hero(02) / in / 2000050.00000 para hattack(04)
Mensaje D / 00:00:50:000 / hattack(04) / 00:00:01:500 para hero(02)
Mensaje D / 00:00:50:000 / hero(02) / 00:00:01:500 para top(01)
Mensaje D / 00:00:50:000 / top(01) / 00:00:01:500 para Root(00)
Mensaje * / 00:00:51:500 / Root(00) para top(01)
Mensaje * / 00:00:51:500 / top(01) para hero(02)
Mensaje * / 00:00:51:500 / hero(02) para hattack(04)
Mensaje Y / 00:00:51:500 / hattack(04) / heroout / 1000050.00000 para hero(02)
Mensaje Y / 00:00:51:500 / hattack(04) / creepout / 2000050.00000 para hero(02)
Mensaje D / 00:00:51:500 / hattack(04) / ... para hero(02)
Mensaje Y / 00:00:51:500 / hero(02) / heroout / 1000050.00000 para top(01)
Mensaje Y / 00:00:51:500 / hero(02) / creepout / 2000050.00000 para top(01)
Mensaje D / 00:00:51:500 / hero(02) / ... para top(01)
Mensaje Y / 00:00:51:500 / top(01) / heroout / 1000050.00000 para Root(00)
Mensaje Y / 00:00:51:500 / top(01) / creepout / 2000050.00000 para Root(00)
Mensaje D / 00:00:51:500 / top(01) / ... para Root(00)
Mensaje X / 00:01:10:000 / Root(00) / creepin / 1000010.00000 para top(01)
Mensaje X / 00:01:10:000 / top(01) / creepin / 1000010.00000 para hero(02)
Mensaje X / 00:01:10:000 / hero(02) / creepin / 1000010.00000 para hdecision(03)
Mensaje D / 00:01:10:000 / hdecision(03) / 00:00:00:000 para hero(02)
Mensaje D / 00:01:10:000 / hero(02) / 00:00:00:000 para top(01)
Mensaje D / 00:01:10:000 / top(01) / 00:00:00:000 para Root(00)
Mensaje X / 00:01:10:000 / Root(00) / heroin / 1000010.00000 para top(01)
Mensaje X / 00:01:10:000 / top(01) / heroin / 1000010.00000 para hero(02)
Mensaje X / 00:01:10:000 / hero(02) / heroin / 1000010.00000 para hdecision(03)
Mensaje D / 00:01:10:000 / hdecision(03) / 00:00:00:000 para hero(02)
Mensaje D / 00:01:10:000 / hero(02) / 00:00:00:000 para top(01)
Mensaje D / 00:01:10:000 / top(01) / 00:00:00:000 para Root(00)
Mensaje * / 00:01:10:000 / Root(00) para top(01)
Mensaje * / 00:01:10:000 / top(01) para hero(02)
Mensaje * / 00:01:10:000 / hero(02) para hdecision(03)
Mensaje Y / 00:01:10:000 / hdecision(03) / attackout / 4000050.00000 para hero(02)
Mensaje D / 00:01:10:000 / hdecision(03) / ... para hero(02)
Mensaje X / 00:01:10:000 / hero(02) / in / 4000050.00000 para hattack(04)
Mensaje D / 00:01:10:000 / hattack(04) / 00:00:01:500 para hero(02)
Mensaje D / 00:01:10:000 / hero(02) / 00:00:01:500 para top(01)
Mensaje D / 00:01:10:000 / top(01) / 00:00:01:500 para Root(00)
Mensaje * / 00:01:11:500 / Root(00) para top(01)
Mensaje * / 00:01:11:500 / top(01) para hero(02)
Mensaje * / 00:01:11:500 / hero(02) para hattack(04)
Mensaje Y / 00:01:11:500 / hattack(04) / creepout / 4000000.00000 para hero(02)
Mensaje Y / 00:01:11:500 / hattack(04) / heroout / 4000000.00000 para hero(02)
Mensaje D / 00:01:11:500 / hattack(04) / ... para hero(02)
Mensaje Y / 00:01:11:500 / hero(02) / creepout / 4000000.00000 para top(01)
Mensaje Y / 00:01:11:500 / hero(02) / heroout / 4000000.00000 para top(01)
Mensaje D / 00:01:11:500 / hero(02) / ... para top(01)
Mensaje Y / 00:01:11:500 / top(01) / creepout / 4000000.00000 para Root(00)
Mensaje Y / 00:01:11:500 / top(01) / heroout / 4000000.00000 para Root(00)
Mensaje D / 00:01:11:500 / top(01) / ... para Root(00)
Mensaje X / 00:01:20:000 / Root(00) / creepin / 3000020.00000 para top(01)
Mensaje X / 00:01:20:000 / top(01) / creepin / 3000020.00000 para hero(02)
Mensaje X / 00:01:20:000 / hero(02) / creepin / 3000020.00000 para hdecision(03)
Mensaje D / 00:01:20:000 / hdecision(03) / 00:00:00:000 para hero(02)
Mensaje D / 00:01:20:000 / hero(02) / 00:00:00:000 para top(01)
Mensaje D / 00:01:20:000 / top(01) / 00:00:00:000 para Root(00)
Mensaje X / 00:01:20:000 / Root(00) / heroin / 1000010.00000 para top(01)
Mensaje X / 00:01:20:000 / top(01) / heroin / 1000010.00000 para hero(02)
Mensaje X / 00:01:20:000 / hero(02) / heroin / 1000010.00000 para hdecision(03)
Mensaje D / 00:01:20:000 / hdecision(03) / 00:00:00:000 para hero(02)
Mensaje D / 00:01:20:000 / hero(02) / 00:00:00:000 para top(01)
Mensaje D / 00:01:20:000 / top(01) / 00:00:00:000 para Root(00)
Mensaje * / 00:01:20:000 / Root(00) para top(01)
Mensaje * / 00:01:20:000 / top(01) para hero(02)
Mensaje * / 00:01:20:000 / hero(02) para hdecision(03)
Mensaje Y / 00:01:20:000 / hdecision(03) / attackout / 3000050.00000 para hero(02)
Mensaje D / 00:01:20:000 / hdecision(03) / ... para hero(02)
Mensaje X / 00:01:20:000 / hero(02) / in / 3000050.00000 para hattack(04)
Mensaje D / 00:01:20:000 / hattack(04) / 00:00:01:500 para hero(02)
Mensaje D / 00:01:20:000 / hero(02) / 00:00:01:500 para top(01)
Mensaje D / 00:01:20:000 / top(01) / 00:00:01:500 para Root(00)
Mensaje * / 00:01:21:500 / Root(00) para top(01)
Mensaje * / 00:01:21:500 / top(01) para hero(02)
Mensaje * / 00:01:21:500 / hero(02) para hattack(04)
Mensaje Y / 00:01:21:500 / hattack(04) / creepout / 1000050.00000 para hero(02)
Mensaje Y / 00:01:21:500 / hattack(04) / heroout / 4000000.00000 para hero(02)
Mensaje D / 00:01:21:500 / hattack(04) / ... para hero(02)
Mensaje Y / 00:01:21:500 / hero(02) / creepout / 1000050.00000 para top(01)
Mensaje Y / 00:01:21:500 / hero(02) / heroout / 4000000.00000 para top(01)
Mensaje D / 00:01:21:500 / hero(02) / ... para top(01)
Mensaje Y / 00:01:21:500 / top(01) / creepout / 1000050.00000 para Root(00)
Mensaje Y / 00:01:21:500 / top(01) / heroout / 4000000.00000 para Root(00)
Mensaje D / 00:01:21:500 / top(01) / ... para Root(00)
Mensaje X / 00:02:10:000 / Root(00) / creepin / 9000000.00000 para top(01)
Mensaje X / 00:02:10:000 / top(01) / creepin / 9000000.00000 para hero(02)
Mensaje X / 00:02:10:000 / hero(02) / creepin / 9000000.00000 para hdecision(03)
Mensaje D / 00:02:10:000 / hdecision(03) / 00:00:00:000 para hero(02)
Mensaje D / 00:02:10:000 / hero(02) / 00:00:00:000 para top(01)
Mensaje D / 00:02:10:000 / top(01) / 00:00:00:000 para Root(00)
Mensaje * / 00:02:10:000 / Root(00) para top(01)
Mensaje * / 00:02:10:000 / top(01) para hero(02)
Mensaje * / 00:02:10:000 / hero(02) para hdecision(03)
Mensaje Y / 00:02:10:000 / hdecision(03) / attackout / 2000050.00000 para hero(02)
Mensaje D / 00:02:10:000 / hdecision(03) / ... para hero(02)
Mensaje X / 00:02:10:000 / hero(02) / in / 2000050.00000 para hattack(04)
Mensaje D / 00:02:10:000 / hattack(04) / 00:00:01:500 para hero(02)
Mensaje D / 00:02:10:000 / hero(02) / 00:00:01:500 para top(01)
Mensaje D / 00:02:10:000 / top(01) / 00:00:01:500 para Root(00)
Mensaje * / 00:02:11:500 / Root(00) para top(01)
Mensaje * / 00:02:11:500 / top(01) para hero(02)
Mensaje * / 00:02:11:500 / hero(02) para hattack(04)
Mensaje Y / 00:02:11:500 / hattack(04) / heroout / 1000050.00000 para hero(02)
Mensaje Y / 00:02:11:500 / hattack(04) / creepout / 2000050.00000 para hero(02)
Mensaje D / 00:02:11:500 / hattack(04) / ... para hero(02)
Mensaje Y / 00:02:11:500 / hero(02) / heroout / 1000050.00000 para top(01)
Mensaje Y / 00:02:11:500 / hero(02) / creepout / 2000050.00000 para top(01)
Mensaje D / 00:02:11:500 / hero(02) / ... para top(01)
Mensaje Y / 00:02:11:500 / top(01) / heroout / 1000050.00000 para Root(00)
Mensaje Y / 00:02:11:500 / top(01) / creepout / 2000050.00000 para Root(00)
Mensaje D / 00:02:11:500 / top(01) / ... para Root(00)
Mensaje X / 00:02:20:000 / Root(00) / heroin / 9000000.00000 para top(01)
Mensaje X / 00:02:20:000 / top(01) / heroin / 9000000.00000 para hero(02)
Mensaje X / 00:02:20:000 / hero(02) / heroin / 9000000.00000 para hdecision(03)
Mensaje D / 00:02:20:000 / hdecision(03) / 00:00:00:000 para hero(02)
Mensaje D / 00:02:20:000 / hero(02) / 00:00:00:000 para top(01)
Mensaje D / 00:02:20:000 / top(01) / 00:00:00:000 para Root(00)
Mensaje * / 00:02:20:000 / Root(00) para top(01)
Mensaje * / 00:02:20:000 / top(01) para hero(02)
Mensaje * / 00:02:20:000 / hero(02) para hdecision(03)
Mensaje Y / 00:02:20:000 / hdecision(03) / attackout / 1000050.00000 para hero(02)
Mensaje D / 00:02:20:000 / hdecision(03) / ... para hero(02)
Mensaje X / 00:02:20:000 / hero(02) / in / 1000050.00000 para hattack(04)
Mensaje D / 00:02:20:000 / hattack(04) / 00:00:01:500 para hero(02)
Mensaje D / 00:02:20:000 / hero(02) / 00:00:01:500 para top(01)
Mensaje D / 00:02:20:000 / top(01) / 00:00:01:500 para Root(00)
Mensaje * / 00:02:21:500 / Root(00) para top(01)
Mensaje * / 00:02:21:500 / top(01) para hero(02)
Mensaje * / 00:02:21:500 / hero(02) para hattack(04)
Mensaje Y / 00:02:21:500 / hattack(04) / resultout /      1.00000 para hero(02)
Mensaje D / 00:02:21:500 / hattack(04) / ... para hero(02)
Mensaje Y / 00:02:21:500 / hero(02) / resultout /      1.00000 para top(01)
Mensaje D / 00:02:21:500 / hero(02) / ... para top(01)
Mensaje Y / 00:02:21:500 / top(01) / resultout /      1.00000 para Root(00)
Mensaje D / 00:02:21:500 / top(01) / ... para Root(00)
Mensaje X / 00:02:30:000 / Root(00) / heroin / 1000100.00000 para top(01)
Mensaje X / 00:02:30:000 / top(01) / heroin / 1000100.00000 para hero(02)
Mensaje X / 00:02:30:000 / hero(02) / heroin / 1000100.00000 para hdecision(03)
Mensaje D / 00:02:30:000 / hdecision(03) / 00:00:00:000 para hero(02)
Mensaje D / 00:02:30:000 / hero(02) / 00:00:00:000 para top(01)
Mensaje D / 00:02:30:000 / top(01) / 00:00:00:000 para Root(00)
Mensaje * / 00:02:30:000 / Root(00) para top(01)
Mensaje * / 00:02:30:000 / top(01) para hero(02)
Mensaje * / 00:02:30:000 / hero(02) para hdecision(03)
Mensaje Y / 00:02:30:000 / hdecision(03) / attackout / 5000050.00000 para hero(02)
Mensaje D / 00:02:30:000 / hdecision(03) / ... para hero(02)
Mensaje X / 00:02:30:000 / hero(02) / in / 5000050.00000 para hattack(04)
Mensaje D / 00:02:30:000 / hattack(04) / 00:00:01:500 para hero(02)
Mensaje D / 00:02:30:000 / hero(02) / 00:00:01:500 para top(01)
Mensaje D / 00:02:30:000 / top(01) / 00:00:01:500 para Root(00)
Mensaje * / 00:02:31:500 / Root(00) para top(01)
Mensaje * / 00:02:31:500 / top(01) para hero(02)
Mensaje * / 00:02:31:500 / hero(02) para hattack(04)
Mensaje Y / 00:02:31:500 / hattack(04) / resultout /      2.00000 para hero(02)
Mensaje Y / 00:02:31:500 / hattack(04) / heroout / 9000000.00000 para hero(02)
Mensaje D / 00:02:31:500 / hattack(04) / ... para hero(02)
Mensaje Y / 00:02:31:500 / hero(02) / resultout /      2.00000 para top(01)
Mensaje Y / 00:02:31:500 / hero(02) / heroout / 9000000.00000 para top(01)
Mensaje D / 00:02:31:500 / hero(02) / ... para top(01)
Mensaje Y / 00:02:31:500 / top(01) / resultout /      2.00000 para Root(00)
Mensaje Y / 00:02:31:500 / top(01) / heroout / 9000000.00000 para Root(00)
Mensaje D / 00:02:31:500 / top(01) / ... para Root(00)
